/cluster/home/debaumann/miniconda3/envs/transformer/lib/python3.11/site-packages/huggingface_hub/file_download.py:797: FutureWarning: `resume_download` is deprecated and will be removed in version 1.0.0. Downloads always resume when possible. If you want to force a new download, use `force_download=True`.
  warnings.warn(
Some weights of ViTModel were not initialized from the model checkpoint at google/vit-base-patch16-224 and are newly initialized: ['vit.pooler.dense.bias', 'vit.pooler.dense.weight']
You should probably TRAIN this model on a down-stream task to be able to use it for predictions and inference.
wandb: Using wandb-core as the SDK backend. Please refer to https://wandb.me/wandb-core for more information.
wandb: Currently logged in as: debaumann. Use `wandb login --relogin` to force relogin
wandb: Tracking run with wandb version 0.18.5
wandb: Run data is saved locally in /cluster/home/debaumann/cars_paper/training/wandb/run-20250228_100252-fnutpxd4
wandb: Run `wandb offline` to turn off syncing.
wandb: Syncing run Cars_Action_training_run_interleave
wandb: ⭐️ View project at https://wandb.ai/debaumann/cars_action_project_arctic
wandb: 🚀 View run at https://wandb.ai/debaumann/cars_action_project_arctic/runs/fnutpxd4
Training Epoch 1/22:   0%|          | 0/3123 [00:00<?, ?it/s]/cluster/home/debaumann/cars_paper/training/attention_vit_interleave.py:113: UserWarning: Using a target size (torch.Size([8, 496, 496])) that is different to the input size (torch.Size([6, 496, 496])). This will likely lead to incorrect results due to broadcasting. Please ensure they have the same size.
  hand_loss = F.mse_loss(hand, hand_heatmap)
Training Epoch 1/22:   0%|          | 0/3123 [00:02<?, ?it/s]
Traceback (most recent call last):
  File "/cluster/home/debaumann/cars_paper/training/attention_vit_interleave.py", line 291, in <module>
    main()
  File "/cluster/home/debaumann/cars_paper/training/attention_vit_interleave.py", line 113, in main
    hand_loss = F.mse_loss(hand, hand_heatmap)
                ^^^^^^^^^^^^^^^^^^^^^^^^^^^^^^
  File "/cluster/home/debaumann/miniconda3/envs/transformer/lib/python3.11/site-packages/torch/nn/functional.py", line 3791, in mse_loss
    expanded_input, expanded_target = torch.broadcast_tensors(input, target)
                                      ^^^^^^^^^^^^^^^^^^^^^^^^^^^^^^^^^^^^^^
  File "/cluster/home/debaumann/miniconda3/envs/transformer/lib/python3.11/site-packages/torch/functional.py", line 76, in broadcast_tensors
    return _VF.broadcast_tensors(tensors)  # type: ignore[attr-defined]
           ^^^^^^^^^^^^^^^^^^^^^^^^^^^^^^
RuntimeError: The size of tensor a (6) must match the size of tensor b (8) at non-singleton dimension 0
[1;34mwandb[0m: 🚀 View run [33mCars_Action_training_run_interleave[0m at: [34mhttps://wandb.ai/debaumann/cars_action_project_arctic/runs/fnutpxd4[0m
[1;34mwandb[0m: Find logs at: [1;35mwandb/run-20250228_100252-fnutpxd4/logs[0m
