/cluster/home/debaumann/miniconda3/envs/transformer/lib/python3.11/site-packages/huggingface_hub/file_download.py:797: FutureWarning: `resume_download` is deprecated and will be removed in version 1.0.0. Downloads always resume when possible. If you want to force a new download, use `force_download=True`.
  warnings.warn(
Some weights of ViTModel were not initialized from the model checkpoint at google/vit-base-patch16-224 and are newly initialized: ['vit.pooler.dense.bias', 'vit.pooler.dense.weight']
You should probably TRAIN this model on a down-stream task to be able to use it for predictions and inference.
wandb: Using wandb-core as the SDK backend. Please refer to https://wandb.me/wandb-core for more information.
wandb: Currently logged in as: debaumann. Use `wandb login --relogin` to force relogin
wandb: Tracking run with wandb version 0.18.5
wandb: Run data is saved locally in /cluster/home/debaumann/cars_paper/wandb/run-20250225_212639-dq1ueabc
wandb: Run `wandb offline` to turn off syncing.
wandb: Syncing run Cars_Action_training_run_more_att
wandb: ⭐️ View project at https://wandb.ai/debaumann/cars_action_project_tvt
wandb: 🚀 View run at https://wandb.ai/debaumann/cars_action_project_tvt/runs/dq1ueabc
Training Epoch 1/22:   0%|          | 0/3123 [00:00<?, ?it/s]Training Epoch 1/22:   0%|          | 0/3123 [00:01<?, ?it/s]
Traceback (most recent call last):
  File "/cluster/home/debaumann/cars_paper/attention_vit.py", line 287, in <module>
    main()
  File "/cluster/home/debaumann/cars_paper/attention_vit.py", line 119, in main
    hand_iou = compute_soft_iou(hand, hand_heatmap)
               ^^^^^^^^^^^^^^^^^^^^^^^^^^^^^^^^^^^^
  File "/cluster/home/debaumann/cars_paper/utils/vit_train_utils.py", line 42, in compute_soft_iou
    intersection = torch.min(pred, target).sum(dim=(1,2,3))
                   ^^^^^^^^^^^^^^^^^^^^^^^^^^^^^^^^^^^^^^^^
IndexError: Dimension out of range (expected to be in range of [-3, 2], but got 3)
[1;34mwandb[0m: 🚀 View run [33mCars_Action_training_run_more_att[0m at: [34mhttps://wandb.ai/debaumann/cars_action_project_tvt/runs/dq1ueabc[0m
[1;34mwandb[0m: Find logs at: [1;35mwandb/run-20250225_212639-dq1ueabc/logs[0m
