/cluster/home/debaumann/cars_paper/dataset/egtea.py:112: RuntimeWarning: invalid value encountered in divide
  mask = mask / mask.max()  # Normalize to [0, 1]
/cluster/home/debaumann/cars_paper/dataset/egtea.py:118: RuntimeWarning: invalid value encountered in cast
  mask_blurred_norm = np.uint8(255 * (mask_blurred / mask_blurred.max()))
Processed 0 samples
Processed 100 samples
Processed 200 samples
Processed 300 samples
Processed 400 samples
Processed 500 samples
Processed 600 samples
Processed 700 samples
Processed 800 samples
Processed 900 samples
Processed 1000 samples
Processed 1100 samples
Processed 1200 samples
Processed 1300 samples
Processed 1400 samples
Processed 1500 samples
Processed 1600 samples
Processed 1700 samples
Processed 1800 samples
Processed 1900 samples
Processed 2000 samples
Processed 2100 samples
Processed 2200 samples
Processed 2300 samples
Processed 2400 samples
Processed 2500 samples
Processed 2600 samples
Processed 2700 samples
Processed 2800 samples
Processed 2900 samples
Processed 3000 samples
Processed 3100 samples
Processed 3200 samples
Processed 3300 samples
Processed 3400 samples
Processed 3500 samples
Processed 3600 samples
Processed 3700 samples
Processed 3800 samples
Processed 3900 samples
Processed 4000 samples
Processed 4100 samples
Processed 4200 samples
Processed 4300 samples
Processed 4400 samples
Processed 4500 samples
Processed 4600 samples
Processed 4700 samples
Processed 4800 samples
Processed 4900 samples
Processed 5000 samples
Processed 5100 samples
Processed 5200 samples
Processed 5300 samples
Processed 5400 samples
Processed 5500 samples
Processed 5600 samples
Processed 5700 samples
Processed 5800 samples
Processed 5900 samples
Processed 6000 samples
Processed 6100 samples
Processed 6200 samples
Processed 6300 samples
Processed 6400 samples
Processed 6500 samples
Processed 6600 samples
Processed 6700 samples
Processed 6800 samples
Processed 6900 samples
Processed 7000 samples
Processed 7100 samples
Processed 7200 samples
Processed 7300 samples
Processed 7400 samples
Processed 7500 samples
Processed 7600 samples
Processed 7700 samples
Processed 7800 samples
Processed 7900 samples
Processed 8000 samples
Processed 8100 samples
Processed 8200 samples
Processed 0 samples
Processed 100 samples
Processed 200 samples
Processed 300 samples
Processed 400 samples
Processed 500 samples
Processed 600 samples
Processed 700 samples
Processed 800 samples
Processed 900 samples
Processed 1000 samples
Processed 1100 samples
Processed 1200 samples
Processed 1300 samples
Processed 1400 samples
Processed 1500 samples
Processed 1600 samples
Processed 1700 samples
Processed 1800 samples
Processed 1900 samples
Processed 2000 samples
Processed 2100 samples
Processed 2200 samples
Processed 2300 samples
Processed 2400 samples
Processed 2500 samples
Processed 2600 samples
Processed 2700 samples
Processed 2800 samples
Processed 2900 samples
Processed 3000 samples
Processed 3100 samples
Processed 3200 samples
Processed 3300 samples
Processed 3400 samples
Processed 3500 samples
Processed 3600 samples
Processed 3700 samples
Processed 3800 samples
Processed 3900 samples
Processed 4000 samples
Processed 4100 samples
Processed 4200 samples
Processed 4300 samples
Processed 4400 samples
Processed 4500 samples
Processed 4600 samples
Processed 4700 samples
Processed 4800 samples
Processed 4900 samples
Processed 5000 samples
Processed 5100 samples
Processed 5200 samples
Processed 5300 samples
Processed 5400 samples
Processed 5500 samples
Processed 5600 samples
Processed 5700 samples
Processed 5800 samples
Processed 5900 samples
Processed 6000 samples
Processed 6100 samples
Processed 6200 samples
Processed 6300 samples
Processed 6400 samples
Processed 6500 samples
Processed 6600 samples
Processed 6700 samples
Processed 6800 samples
Processed 6900 samples
Processed 7000 samples
Processed 7100 samples
Processed 7200 samples
Processed 7300 samples
Processed 7400 samples
Processed 7500 samples
Processed 7600 samples
Processed 7700 samples
Processed 7800 samples
Processed 7900 samples
Processed 8000 samples
Processed 8100 samples
Processed 8200 samples
Processed 0 samples
Processed 100 samples
Processed 200 samples
Processed 300 samples
Processed 400 samples
Processed 500 samples
Processed 600 samples
Processed 700 samples
Processed 800 samples
Processed 900 samples
Processed 1000 samples
Processed 1100 samples
Processed 1200 samples
Processed 1300 samples
Processed 1400 samples
Processed 1500 samples
Processed 1600 samples
Processed 1700 samples
Processed 1800 samples
Processed 1900 samples
Processed 2000 samples
Processed 2100 samples
Processed 2200 samples
Processed 2300 samples
Processed 2400 samples
Processed 2500 samples
Processed 2600 samples
Processed 2700 samples
Processed 2800 samples
Processed 2900 samples
Processed 3000 samples
Processed 3100 samples
Processed 3200 samples
Processed 3300 samples
Processed 3400 samples
Processed 3500 samples
Processed 3600 samples
Processed 3700 samples
Processed 3800 samples
Processed 3900 samples
Processed 4000 samples
Processed 4100 samples
Processed 4200 samples
Processed 4300 samples
Processed 4400 samples
Processed 4500 samples
Processed 4600 samples
Processed 4700 samples
Processed 4800 samples
Processed 4900 samples
Processed 5000 samples
Processed 5100 samples
Processed 5200 samples
Processed 5300 samples
Processed 5400 samples
Processed 5500 samples
Processed 5600 samples
Processed 5700 samples
Processed 5800 samples
Processed 5900 samples
Processed 6000 samples
Processed 6100 samples
Processed 6200 samples
Processed 6300 samples
Processed 6400 samples
Processed 6500 samples
Processed 6600 samples
Processed 6700 samples
Processed 6800 samples
Processed 6900 samples
Processed 7000 samples
Processed 7100 samples
Processed 7200 samples
Processed 7300 samples
Processed 7400 samples
Processed 7500 samples
Processed 7600 samples
Processed 7700 samples
Processed 7800 samples
Processed 7900 samples
Processed 8000 samples
Processed 8100 samples
Processed 8200 samples
